<?xml version="1.0" encoding="UTF-8"?>
<!-- Generated by org.testng.reporters.JUnitReportReporter -->
<testsuite hostname="LAPTOP-K171VAOP" failures="0" tests="13" name="com.Ba.expedia.tests.BookingTests" time="4.220" errors="1" timestamp="2022-05-10T14:38:46 IST" skipped="12">
  <testcase classname="com.Ba.expedia.tests.BookingTests" name="bookingPageSetup" time="4.220">
    <error message="chrome not reachable
  (Session info: chrome=101.0.4951.54)
Build info: version: &#039;3.141.59&#039;, revision: &#039;e82be7d358&#039;, time: &#039;2018-11-14T08:17:03&#039;
System info: host: &#039;LAPTOP-K171VAOP&#039;, ip: &#039;192.168.100.41&#039;, os.name: &#039;Windows 10&#039;, os.arch: &#039;amd64&#039;, os.version: &#039;10.0&#039;, java.version: &#039;11.0.9&#039;
Driver info: org.openqa.selenium.chrome.ChromeDriver
Capabilities {acceptInsecureCerts: false, browserName: chrome, browserVersion: 101.0.4951.54, chrome: {chromedriverVersion: 101.0.4951.41 (93c720db8323..., userDataDir: C:\Users\angap\AppData\Loca...}, goog:chromeOptions: {debuggerAddress: localhost:55948}, javascriptEnabled: true, networkConnectionEnabled: false, pageLoadStrategy: normal, platform: WINDOWS, platformName: WINDOWS, proxy: Proxy(), setWindowRect: true, strictFileInteractability: false, timeouts: {implicit: 0, pageLoad: 300000, script: 30000}, unhandledPromptBehavior: dismiss and notify, webauthn:extension:credBlob: true, webauthn:extension:largeBlob: true, webauthn:virtualAuthenticators: true}
Session ID: 692acab3e2a39cea8bd2e6c8ded3a4af
*** Element info: {Using=xpath, value=//button[@type=&#039;button&#039;][@aria-label=&#039;Going to&#039;]}" type="org.openqa.selenium.WebDriverException">
      <![CDATA[org.openqa.selenium.WebDriverException: chrome not reachable
  (Session info: chrome=101.0.4951.54)
Build info: version: '3.141.59', revision: 'e82be7d358', time: '2018-11-14T08:17:03'
System info: host: 'LAPTOP-K171VAOP', ip: '192.168.100.41', os.name: 'Windows 10', os.arch: 'amd64', os.version: '10.0', java.version: '11.0.9'
Driver info: org.openqa.selenium.chrome.ChromeDriver
Capabilities {acceptInsecureCerts: false, browserName: chrome, browserVersion: 101.0.4951.54, chrome: {chromedriverVersion: 101.0.4951.41 (93c720db8323..., userDataDir: C:\Users\angap\AppData\Loca...}, goog:chromeOptions: {debuggerAddress: localhost:55948}, javascriptEnabled: true, networkConnectionEnabled: false, pageLoadStrategy: normal, platform: WINDOWS, platformName: WINDOWS, proxy: Proxy(), setWindowRect: true, strictFileInteractability: false, timeouts: {implicit: 0, pageLoad: 300000, script: 30000}, unhandledPromptBehavior: dismiss and notify, webauthn:extension:credBlob: true, webauthn:extension:largeBlob: true, webauthn:virtualAuthenticators: true}
Session ID: 692acab3e2a39cea8bd2e6c8ded3a4af
*** Element info: {Using=xpath, value=//button[@type='button'][@aria-label='Going to']}
at java.base/jdk.internal.reflect.NativeConstructorAccessorImpl.newInstance0(Native Method)
at java.base/jdk.internal.reflect.NativeConstructorAccessorImpl.newInstance(NativeConstructorAccessorImpl.java:62)
at java.base/jdk.internal.reflect.DelegatingConstructorAccessorImpl.newInstance(DelegatingConstructorAccessorImpl.java:45)
at java.base/java.lang.reflect.Constructor.newInstance(Constructor.java:490)
at org.openqa.selenium.remote.http.W3CHttpResponseCodec.createException(W3CHttpResponseCodec.java:187)
at org.openqa.selenium.remote.http.W3CHttpResponseCodec.decode(W3CHttpResponseCodec.java:122)
at org.openqa.selenium.remote.http.W3CHttpResponseCodec.decode(W3CHttpResponseCodec.java:49)
at org.openqa.selenium.remote.HttpCommandExecutor.execute(HttpCommandExecutor.java:158)
at org.openqa.selenium.remote.service.DriverCommandExecutor.execute(DriverCommandExecutor.java:83)
at org.openqa.selenium.remote.RemoteWebDriver.execute(RemoteWebDriver.java:552)
at org.openqa.selenium.remote.RemoteWebDriver.findElement(RemoteWebDriver.java:323)
at org.openqa.selenium.remote.RemoteWebDriver.findElementByXPath(RemoteWebDriver.java:428)
at org.openqa.selenium.By$ByXPath.findElement(By.java:353)
at org.openqa.selenium.remote.RemoteWebDriver.findElement(RemoteWebDriver.java:315)
at com.Ba.expedia.Utils.ElementUtil.getElement(ElementUtil.java:25)
at com.Ba.expedia.Utils.ElementUtil.doClick(ElementUtil.java:48)
at com.Ba.expedia.ExpediaTravelPage.doTravel(ExpediaTravelPage.java:62)
at com.Ba.expedia.tests.BookingTests.bookingPageSetup(BookingTests.java:15)
at java.base/jdk.internal.reflect.NativeMethodAccessorImpl.invoke0(Native Method)
at java.base/jdk.internal.reflect.NativeMethodAccessorImpl.invoke(NativeMethodAccessorImpl.java:62)
at java.base/jdk.internal.reflect.DelegatingMethodAccessorImpl.invoke(DelegatingMethodAccessorImpl.java:43)
at java.base/java.lang.reflect.Method.invoke(Method.java:566)
at org.testng.internal.MethodInvocationHelper.invokeMethod(MethodInvocationHelper.java:133)
at org.testng.internal.MethodInvocationHelper.invokeMethodConsideringTimeout(MethodInvocationHelper.java:62)
at org.testng.internal.ConfigInvoker.invokeConfigurationMethod(ConfigInvoker.java:385)
at org.testng.internal.ConfigInvoker.invokeConfigurations(ConfigInvoker.java:321)
at org.testng.internal.TestMethodWorker.invokeBeforeClassMethods(TestMethodWorker.java:176)
at org.testng.internal.TestMethodWorker.run(TestMethodWorker.java:122)
at java.base/java.util.ArrayList.forEach(ArrayList.java:1541)
at org.testng.TestRunner.privateRun(TestRunner.java:794)
at org.testng.TestRunner.run(TestRunner.java:596)
at org.testng.SuiteRunner.runTest(SuiteRunner.java:377)
at org.testng.SuiteRunner.runSequentially(SuiteRunner.java:371)
at org.testng.SuiteRunner.privateRun(SuiteRunner.java:332)
at org.testng.SuiteRunner.run(SuiteRunner.java:276)
at org.testng.SuiteRunnerWorker.runSuite(SuiteRunnerWorker.java:53)
at org.testng.SuiteRunnerWorker.run(SuiteRunnerWorker.java:96)
at org.testng.TestNG.runSuitesSequentially(TestNG.java:1212)
at org.testng.TestNG.runSuitesLocally(TestNG.java:1134)
at org.testng.TestNG.runSuites(TestNG.java:1063)
at org.testng.TestNG.run(TestNG.java:1031)
at org.testng.remote.AbstractRemoteTestNG.run(AbstractRemoteTestNG.java:115)
at org.testng.remote.RemoteTestNG.initAndRun(RemoteTestNG.java:251)
at org.testng.remote.RemoteTestNG.main(RemoteTestNG.java:77)
]]>
    </error>
  </testcase> <!-- bookingPageSetup -->
  <system-out/>
  <testcase classname="com.Ba.expedia.tests.BookingTests" name="selectAmount" time="0.000">
    <skipped/>
  </testcase> <!-- selectAmount -->
  <system-out/>
  <testcase classname="com.Ba.expedia.tests.BookingTests" name="ischeckaAmountExist" time="0.000">
    <skipped/>
  </testcase> <!-- ischeckaAmountExist -->
  <system-out/>
  <testcase classname="com.Ba.expedia.tests.BookingTests" name="ischeckaRatingExist" time="0.000">
    <skipped/>
  </testcase> <!-- ischeckaRatingExist -->
  <system-out/>
  <testcase classname="com.Ba.expedia.tests.BookingTests" name="selectGuestRating" time="0.000">
    <skipped/>
  </testcase> <!-- selectGuestRating -->
  <system-out/>
  <testcase classname="com.Ba.expedia.tests.BookingTests" name="isCheckLunchincluded" time="0.000">
    <skipped/>
  </testcase> <!-- isCheckLunchincluded -->
  <system-out/>
  <testcase classname="com.Ba.expedia.tests.BookingTests" name="selectLunch" time="0.000">
    <skipped/>
  </testcase> <!-- selectLunch -->
  <system-out/>
  <testcase classname="com.Ba.expedia.tests.BookingTests" name="isCheckDinnerincluded" time="0.000">
    <skipped/>
  </testcase> <!-- isCheckDinnerincluded -->
  <system-out/>
  <testcase classname="com.Ba.expedia.tests.BookingTests" name="selectDinner" time="0.000">
    <skipped/>
  </testcase> <!-- selectDinner -->
  <system-out/>
  <testcase classname="com.Ba.expedia.tests.BookingTests" name="selectDropdown" time="0.000">
    <skipped/>
  </testcase> <!-- selectDropdown -->
  <system-out/>
  <testcase classname="com.Ba.expedia.tests.BookingTests" name="selectHotelList" time="0.000">
    <skipped/>
  </testcase> <!-- selectHotelList -->
  <system-out/>
  <testcase classname="com.Ba.expedia.tests.BookingTests" name="cheapesthotels" time="0.000">
    <skipped/>
  </testcase> <!-- cheapesthotels -->
  <system-out/>
  <testcase classname="com.Ba.expedia.tests.BookingTests" name="clickCheapestHotel" time="0.000">
    <skipped/>
  </testcase> <!-- clickCheapestHotel -->
  <system-out/>
</testsuite> <!-- com.Ba.expedia.tests.BookingTests -->
